2025-11-23T08:23:35.617+05:30  INFO 25416 --- [main] .t.TeleTicketingBackend1ApplicationTests : Starting TeleTicketingBackend1ApplicationTests using Java 17.0.12 with PID 25416 (started by jeyshreemen.g in D:\tele-ticketing-backend-1)
2025-11-23T08:23:35.636+05:30  INFO 25416 --- [main] .t.TeleTicketingBackend1ApplicationTests : No active profile set, falling back to 1 default profile: "default"
2025-11-23T08:23:40.612+05:30  INFO 25416 --- [main] com.zaxxer.hikari.HikariDataSource       : HikariPool-1 - Starting...
2025-11-23T08:23:41.077+05:30  INFO 25416 --- [main] com.zaxxer.hikari.pool.HikariPool        : HikariPool-1 - Added connection conn0: url=jdbc:h2:mem:testdb user=SA
2025-11-23T08:23:41.079+05:30  INFO 25416 --- [main] com.zaxxer.hikari.HikariDataSource       : HikariPool-1 - Start completed.
2025-11-23T08:23:41.131+05:30  WARN 25416 --- [main] org.hibernate.orm.deprecation            : HHH90000025: H2Dialect does not need to be specified explicitly using 'hibernate.dialect' (remove the property setting and it will be selected by default)
2025-11-23T08:23:46.829+05:30  WARN 25416 --- [main] r$InitializeUserDetailsManagerConfigurer : Global AuthenticationManager configured with an AuthenticationProvider bean. UserDetailsService beans will not be used by Spring Security for automatically configuring username/password login. Consider removing the AuthenticationProvider bean. Alternatively, consider using the UserDetailsService in a manually instantiated DaoAuthenticationProvider. If the current configuration is intentional, to turn off this warning, increase the logging level of 'org.springframework.security.config.annotation.authentication.configuration.InitializeUserDetailsBeanManagerConfigurer' to ERROR
2025-11-23T08:23:47.872+05:30  WARN 25416 --- [main] JpaBaseConfiguration$JpaWebConfiguration : spring.jpa.open-in-view is enabled by default. Therefore, database queries may be performed during view rendering. Explicitly configure spring.jpa.open-in-view to disable this warning
2025-11-23T08:23:51.558+05:30  INFO 25416 --- [main] .t.TeleTicketingBackend1ApplicationTests : Started TeleTicketingBackend1ApplicationTests in 16.71 seconds (process running for 22.795)
2025-11-23T08:23:51.712+05:30  INFO 25416 --- [SpringApplicationShutdownHook] com.zaxxer.hikari.HikariDataSource       : HikariPool-1 - Shutdown initiated...
2025-11-23T08:23:51.719+05:30  INFO 25416 --- [SpringApplicationShutdownHook] com.zaxxer.hikari.HikariDataSource       : HikariPool-1 - Shutdown completed.
2025-11-23T23:17:12.726+05:30  INFO 17872 --- [main] .t.TeleTicketingBackend1ApplicationTests : Starting TeleTicketingBackend1ApplicationTests using Java 17.0.12 with PID 17872 (started by jeyshreemen.g in D:\tele-ticketing-backend-1)
2025-11-23T23:17:12.729+05:30  INFO 17872 --- [main] .t.TeleTicketingBackend1ApplicationTests : No active profile set, falling back to 1 default profile: "default"
2025-11-23T23:17:17.421+05:30  INFO 17872 --- [main] com.zaxxer.hikari.HikariDataSource       : HikariPool-1 - Starting...
2025-11-23T23:17:17.799+05:30  INFO 17872 --- [main] com.zaxxer.hikari.pool.HikariPool        : HikariPool-1 - Added connection conn0: url=jdbc:h2:mem:testdb user=SA
2025-11-23T23:17:17.803+05:30  INFO 17872 --- [main] com.zaxxer.hikari.HikariDataSource       : HikariPool-1 - Start completed.
2025-11-23T23:17:17.855+05:30  WARN 17872 --- [main] org.hibernate.orm.deprecation            : HHH90000025: H2Dialect does not need to be specified explicitly using 'hibernate.dialect' (remove the property setting and it will be selected by default)
2025-11-23T23:17:23.095+05:30  WARN 17872 --- [main] r$InitializeUserDetailsManagerConfigurer : Global AuthenticationManager configured with an AuthenticationProvider bean. UserDetailsService beans will not be used by Spring Security for automatically configuring username/password login. Consider removing the AuthenticationProvider bean. Alternatively, consider using the UserDetailsService in a manually instantiated DaoAuthenticationProvider. If the current configuration is intentional, to turn off this warning, increase the logging level of 'org.springframework.security.config.annotation.authentication.configuration.InitializeUserDetailsBeanManagerConfigurer' to ERROR
2025-11-23T23:17:24.097+05:30  WARN 17872 --- [main] JpaBaseConfiguration$JpaWebConfiguration : spring.jpa.open-in-view is enabled by default. Therefore, database queries may be performed during view rendering. Explicitly configure spring.jpa.open-in-view to disable this warning
2025-11-23T23:17:25.740+05:30  INFO 17872 --- [main] .t.TeleTicketingBackend1ApplicationTests : Started TeleTicketingBackend1ApplicationTests in 13.834 seconds (process running for 23.78)
2025-11-23T23:17:25.933+05:30  INFO 17872 --- [SpringApplicationShutdownHook] com.zaxxer.hikari.HikariDataSource       : HikariPool-1 - Shutdown initiated...
2025-11-23T23:17:25.938+05:30  INFO 17872 --- [SpringApplicationShutdownHook] com.zaxxer.hikari.HikariDataSource       : HikariPool-1 - Shutdown completed.
